#
# There is insufficient memory for the Java Runtime Environment to continue.
# Native memory allocation (mmap) failed to map 134217728 bytes for Failed to commit area from 0x0000000081400000 to 0x0000000089400000 of length 134217728.
# Possible reasons:
#   The system is out of physical RAM or swap space
#   The process is running with CompressedOops enabled, and the Java Heap may be blocking the growth of the native heap
# Possible solutions:
#   Reduce memory load on the system
#   Increase physical memory or swap space
#   Check if swap backing store is full
#   Decrease Java heap size (-Xmx/-Xms)
#   Decrease number of Java threads
#   Decrease Java thread stack sizes (-Xss)
#   Set larger code cache with -XX:ReservedCodeCacheSize=
# This output file may be truncated or incomplete.
#
#  Out of Memory Error (t:/workspace/open/src/hotspot/os/windows/os_windows.cpp:3269), pid=12392, tid=13796
#
# JRE version:  (11.0.2+9) (build )
# Java VM: Java HotSpot(TM) 64-Bit Server VM (11.0.2+9-LTS, mixed mode, aot, sharing, tiered, compressed oops, g1 gc, windows-amd64)
# No core dump will be written. Minidumps are not enabled by default on client versions of Windows
#

---------------  S U M M A R Y ------------

Command Line: C:\Users\LATTEP~1\AppData\Local\Temp\surefire6414976474530580188\surefirebooter12446390559895983158.jar C:\Users\LattePanda\AppData\Local\Temp\surefire6414976474530580188 2021-06-09T15-54-19_223-jvmRun1 surefire16587181886283117094tmp surefire_06864484041901757664tmp

Host: Intel(R) Core(TM) m3-7Y30 CPU @ 1.00GHz, 4 cores, 7G,  Windows 10 , 64 bit Build 18362 (10.0.18362.1110)
Time: Wed Jun  9 15:54:19 2021 Eastern Daylight Time elapsed time: 0 seconds (0d 0h 0m 0s)

---------------  T H R E A D  ---------------

Current thread (0x000001779e782800):  JavaThread "Unknown thread" [_thread_in_vm, id=13796, stack(0x00000072eac00000,0x00000072ead00000)]

Stack: [0x00000072eac00000,0x00000072ead00000]
Native frames: (J=compiled Java code, j=interpreted, Vv=VM code, C=native code)
V  [jvm.dll+0x63574a]
V  [jvm.dll+0x77326f]
V  [jvm.dll+0x77491a]
V  [jvm.dll+0x774fd3]
V  [jvm.dll+0x25e418]
V  [jvm.dll+0x632c0a]
V  [jvm.dll+0x627645]
V  [jvm.dll+0x314e7c]
V  [jvm.dll+0x314d02]
V  [jvm.dll+0x31a576]
V  [jvm.dll+0x36635f]
V  [jvm.dll+0x365d80]
V  [jvm.dll+0x2f19f8]
V  [jvm.dll+0x2f2b56]
V  [jvm.dll+0x74c817]
V  [jvm.dll+0x74df5f]
V  [jvm.dll+0x373179]
V  [jvm.dll+0x732eb9]
V  [jvm.dll+0x3e295d]
V  [jvm.dll+0x3e4c61]
C  [java.exe+0x3607]
C  [java.exe+0x178dc]
C  [KERNEL32.DLL+0x17c24]
C  [ntdll.dll+0x6d4d1]


---------------  P R O C E S S  ---------------

Threads class SMR info:
_java_thread_list=0x000001779c6e5120, length=0, elements={
}

Java Threads: ( => current thread )

Other Threads:
  0x000001779e797800 GCTaskThread "GC Thread#0" [stack: 0x00000072ead00000,0x00000072eae00000] [id=2088]
  0x000001779e7c9000 ConcurrentGCThread "G1 Main Marker" [stack: 0x00000072eae00000,0x00000072eaf00000] [id=5600]
  0x000001779e7ca800 ConcurrentGCThread "G1 Conc#0" [stack: 0x00000072eaf00000,0x00000072eb000000] [id=5696]

[error occurred during error reporting (printing all threads), id 0xc0000005, EXCEPTION_ACCESS_VIOLATION (0xc0000005) at pc=0x00007ffd0a680197]

VM state:not at safepoint (not fully initialized)

VM Mutex/Monitor currently owned by a thread:  ([mutex/lock_event])
[0x000001779e77f8b0] Heap_lock - owner thread: 0x000001779e782800

Heap address: 0x0000000081400000, size: 2028 MB, Compressed Oops mode: Non-zero based: 0x0000000081400000
Narrow klass base: 0x0000000000000000, Narrow klass shift: 0

GC Heap History (0 events):
No events

Deoptimization events (0 events):
No events

Classes redefined (0 events):
No events

Internal exceptions (0 events):
No events

Events (0 events):
No events


Dynamic libraries:
0x00007ff71d3f0000 - 0x00007ff71d437000 	C:\Program Files\Java\jdk-11.0.2\bin\java.exe
0x00007ffd46be0000 - 0x00007ffd46dd0000 	C:\WINDOWS\SYSTEM32\ntdll.dll
0x00007ffd45af0000 - 0x00007ffd45ba2000 	C:\WINDOWS\System32\KERNEL32.DLL
0x00007ffd43e70000 - 0x00007ffd44115000 	C:\WINDOWS\System32\KERNELBASE.dll
0x00007ffd45920000 - 0x00007ffd459c3000 	C:\WINDOWS\System32\ADVAPI32.dll
0x00007ffd46750000 - 0x00007ffd467ee000 	C:\WINDOWS\System32\msvcrt.dll
0x00007ffd45a50000 - 0x00007ffd45ae7000 	C:\WINDOWS\System32\sechost.dll
0x00007ffd46100000 - 0x00007ffd46220000 	C:\WINDOWS\System32\RPCRT4.dll
0x00007ffd46310000 - 0x00007ffd464a4000 	C:\WINDOWS\System32\USER32.dll
0x00007ffd44150000 - 0x00007ffd44171000 	C:\WINDOWS\System32\win32u.dll
0x00007ffd46020000 - 0x00007ffd46046000 	C:\WINDOWS\System32\GDI32.dll
0x00007ffd43cd0000 - 0x00007ffd43e66000 	C:\WINDOWS\System32\gdi32full.dll
0x00007ffd43be0000 - 0x00007ffd43c7e000 	C:\WINDOWS\System32\msvcp_win.dll
0x00007ffd44400000 - 0x00007ffd444fa000 	C:\WINDOWS\System32\ucrtbase.dll
0x00007ffd307e0000 - 0x00007ffd30a64000 	C:\WINDOWS\WinSxS\amd64_microsoft.windows.common-controls_6595b64144ccf1df_6.0.18362.1256_none_9e7e379be45e40e2\COMCTL32.dll
0x00007ffd3cf40000 - 0x00007ffd3cf4a000 	C:\WINDOWS\SYSTEM32\VERSION.dll
0x00007ffd453c0000 - 0x00007ffd456f6000 	C:\WINDOWS\System32\combase.dll
0x00007ffd43b50000 - 0x00007ffd43bd1000 	C:\WINDOWS\System32\bcryptPrimitives.dll
0x00007ffd44c90000 - 0x00007ffd44cbe000 	C:\WINDOWS\System32\IMM32.DLL
0x00007ffd3bc80000 - 0x00007ffd3bc96000 	C:\Program Files\Java\jdk-11.0.2\bin\vcruntime140.dll
0x00007ffd2d600000 - 0x00007ffd2d6aa000 	C:\Program Files\Java\jdk-11.0.2\bin\msvcp140.dll
0x00007ffd0a380000 - 0x00007ffd0aea7000 	C:\Program Files\Java\jdk-11.0.2\bin\server\jvm.dll
0x00007ffd464b0000 - 0x00007ffd464b8000 	C:\WINDOWS\System32\PSAPI.DLL
0x00007ffd32920000 - 0x00007ffd32944000 	C:\WINDOWS\SYSTEM32\WINMM.dll
0x00007ffd35750000 - 0x00007ffd35759000 	C:\WINDOWS\SYSTEM32\WSOCK32.dll
0x00007ffd46220000 - 0x00007ffd4628f000 	C:\WINDOWS\System32\WS2_32.dll
0x00007ffd32740000 - 0x00007ffd3276d000 	C:\WINDOWS\SYSTEM32\winmmbase.dll
0x00007ffd43c80000 - 0x00007ffd43cca000 	C:\WINDOWS\System32\cfgmgr32.dll
0x00007ffd43ab0000 - 0x00007ffd43ac1000 	C:\WINDOWS\System32\kernel.appcore.dll
0x00007ffd31e10000 - 0x00007ffd31e21000 	C:\Program Files\Java\jdk-11.0.2\bin\verify.dll
0x00007ffd42330000 - 0x00007ffd42524000 	C:\WINDOWS\SYSTEM32\DBGHELP.DLL
0x00007ffd3cba0000 - 0x00007ffd3cbca000 	C:\WINDOWS\SYSTEM32\dbgcore.DLL
0x00007ffd31ad0000 - 0x00007ffd31af9000 	C:\Program Files\Java\jdk-11.0.2\bin\java.dll
0x00007ffd31df0000 - 0x00007ffd31e06000 	C:\Program Files\Java\jdk-11.0.2\bin\zip.dll
0x00007ffd3cc70000 - 0x00007ffd3cc7a000 	C:\Program Files\Java\jdk-11.0.2\bin\jimage.dll

dbghelp: loaded successfully - version: 4.0.5 - missing functions: none
symbol engine: initialized successfully - sym options: 0x614 - pdb path: .;C:\Program Files\Java\jdk-11.0.2\bin;C:\WINDOWS\SYSTEM32;C:\WINDOWS\WinSxS\amd64_microsoft.windows.common-controls_6595b64144ccf1df_6.0.18362.1256_none_9e7e379be45e40e2;C:\Program Files\Java\jdk-11.0.2\bin\server

VM Arguments:
java_command: C:\Users\LATTEP~1\AppData\Local\Temp\surefire6414976474530580188\surefirebooter12446390559895983158.jar C:\Users\LattePanda\AppData\Local\Temp\surefire6414976474530580188 2021-06-09T15-54-19_223-jvmRun1 surefire16587181886283117094tmp surefire_06864484041901757664tmp
java_class_path (initial): C:\Users\LATTEP~1\AppData\Local\Temp\surefire6414976474530580188\surefirebooter12446390559895983158.jar
Launcher Type: SUN_STANDARD

[Global flags]
     intx CICompilerCount                          = 3                                         {product} {ergonomic}
     uint ConcGCThreads                            = 1                                         {product} {ergonomic}
     uint G1ConcRefinementThreads                  = 4                                         {product} {ergonomic}
   size_t G1HeapRegionSize                         = 1048576                                   {product} {ergonomic}
    uintx GCDrainStackTargetSize                   = 64                                        {product} {ergonomic}
   size_t InitialHeapSize                          = 134217728                                 {product} {ergonomic}
   size_t MarkStackSize                            = 4194304                                   {product} {ergonomic}
   size_t MaxHeapSize                              = 2126512128                                {product} {ergonomic}
   size_t MinHeapDeltaBytes                        = 1048576                                   {product} {ergonomic}
    uintx NonNMethodCodeHeapSize                   = 5830092                                {pd product} {ergonomic}
    uintx NonProfiledCodeHeapSize                  = 122914074                              {pd product} {ergonomic}
    uintx ProfiledCodeHeapSize                     = 122914074                              {pd product} {ergonomic}
    uintx ReservedCodeCacheSize                    = 251658240                              {pd product} {ergonomic}
     bool SegmentedCodeCache                       = true                                      {product} {ergonomic}
     bool UseCompressedClassPointers               = true                                 {lp64_product} {ergonomic}
     bool UseCompressedOops                        = true                                 {lp64_product} {ergonomic}
     bool UseG1GC                                  = true                                      {product} {ergonomic}
     bool UseLargePagesIndividualAllocation        = false                                  {pd product} {ergonomic}

Logging:
Log output configuration:
 #0: stdout all=warning uptime,level,tags
 #1: stderr all=off uptime,level,tags

Environment Variables:
JAVA_HOME=C:\Program Files\Java\jdk-12.0.1
PATH=C:\Program Files (x86)\Common Files\Oracle\Java\javapath;C:\Program Files\Java\jre1.8.0_221\bin;C:\WINDOWS\system32;C:\WINDOWS;C:\WINDOWS\System32\Wbem;C:\WINDOWS\System32\WindowsPowerShell\v1.0\;C:\WINDOWS\System32\OpenSSH\;C:\Program Files\Intel\WiFi\bin\;C:\Program Files\Common Files\Intel\WirelessCommon\;C:\Program Files\apache-maven-3.6.1\bin;C:\Program Files\Java\jdk-12.0.1\bin;C:\Program Files\Git\cmd;C:\Program Files\PuTTY\;C:\Program Files\MySQL\MySQL Shell 8.0\bin\;C:\Users\LattePanda\AppData\Local\Microsoft\WindowsApps;;C:\Program Files\JetBrains\IntelliJ IDEA Community Edition 2020.2.2\bin;
USERNAME=LattePanda
OS=Windows_NT
PROCESSOR_IDENTIFIER=Intel64 Family 6 Model 142 Stepping 9, GenuineIntel



---------------  S Y S T E M  ---------------

OS: Windows 10 , 64 bit Build 18362 (10.0.18362.1110)

CPU:total 4 (initial active 4) (2 cores per cpu, 2 threads per core) family 6 model 142 stepping 9, cmov, cx8, fxsr, mmx, sse, sse2, sse3, ssse3, sse4.1, sse4.2, popcnt, avx, avx2, aes, clmul, erms, 3dnowpref, lzcnt, ht, tsc, tscinvbit, bmi1, bmi2, adx, fma

Memory: 4k page, system-wide physical 8109M (518M free)
TotalPageFile size 30464M (AvailPageFile size 45M)
current process WorkingSet (physical memory assigned to process): 9M, peak: 9M
current process commit charge ("private bytes"): 51M, peak: 179M

vm_info: Java HotSpot(TM) 64-Bit Server VM (11.0.2+9-LTS) for windows-amd64 JRE (11.0.2+9-LTS), built on Jan 18 2019 05:24:10 by "mach5one" with MS VC++ 15.5 (VS2017)

END.
